<?xml version="1.0" encoding="UTF-8"?>
<!-- Generated by org.testng.reporters.JUnitReportReporter -->
<testsuite hostname="WINVD185027-GV7" name="com.test.YahooTest" tests="1" failures="0" timestamp="17 Dec 2014 11:40:34 GMT" time="61.998" errors="0">
  <testcase name="testGoogle" time="61.998" classname="com.test.YahooTest"/>
</testsuite> <!-- com.test.YahooTest -->
