<?xml version="1.0" encoding="UTF-8"?>
<!-- Generated by org.testng.reporters.JUnitReportReporter -->
<testsuite hostname="WINVD185027-GV7" name="com.test.GoogleTest" tests="2" failures="0" timestamp="17 Dec 2014 11:40:34 GMT" time="70.070" errors="0">
  <testcase name="testGoogle" time="35.488" classname="com.test.GoogleTest"/>
  <testcase name="testGoogle" time="34.582" classname="com.test.GoogleTest"/>
</testsuite> <!-- com.test.GoogleTest -->
